# JRE version: OpenJDK Runtime Environment (11.0.13) (build 11.0.13+0-b1751.21-8125866)
# Java VM: OpenJDK 64-Bit Server VM (11.0.13+0-b1751.21-8125866, mixed mode, tiered, compressed oops, g1 gc, windows-amd64)
Heap:
 garbage-first heap   total 757760K, used 270464K [0x0000000080000000, 0x0000000100000000)
  region size 1024K, 2 young (2048K), 2 survivors (2048K)
 Metaspace       used 153394K, capacity 158029K, committed 158320K, reserved 1187840K
  class space    used 19094K, capacity 20744K, committed 20940K, reserved 1048576K
GC Heap History (20 events):
Event: 4482.818 GC heap after
{Heap after GC invocations=95 (full 0):
 garbage-first heap   total 273408K, used 210380K [0x0000000080000000, 0x0000000100000000)
  region size 1024K, 3 young (3072K), 3 survivors (3072K)
 Metaspace       used 148863K, capacity 153230K, committed 154224K, reserved 1183744K
  class space    used 18686K, capacity 20240K, committed 20684K, reserved 1048576K
}
Event: 4483.114 GC heap before
{Heap before GC invocations=96 (full 0):
 garbage-first heap   total 273408K, used 230860K [0x0000000080000000, 0x0000000100000000)
  region size 1024K, 23 young (23552K), 3 survivors (3072K)
 Metaspace       used 149219K, capacity 153550K, committed 154736K, reserved 1183744K
  class space    used 18713K, capacity 20240K, committed 20684K, reserved 1048576K
}
Event: 4483.130 GC heap after
{Heap after GC invocations=97 (full 0):
 garbage-first heap   total 273408K, used 215579K [0x0000000080000000, 0x0000000100000000)
  region size 1024K, 3 young (3072K), 3 survivors (3072K)
 Metaspace       used 149219K, capacity 153550K, committed 154736K, reserved 1183744K
  class space    used 18713K, capacity 20240K, committed 20684K, reserved 1048576K
}
Event: 4483.336 GC heap before
{Heap before GC invocations=97 (full 0):
 garbage-first heap   total 273408K, used 225819K [0x0000000080000000, 0x0000000100000000)
  region size 1024K, 13 young (13312K), 3 survivors (3072K)
 Metaspace       used 149348K, capacity 153710K, committed 154736K, reserved 1183744K
  class space    used 18724K, capacity 20272K, committed 20684K, reserved 1048576K
}
Event: 4483.361 GC heap after
{Heap after GC invocations=98 (full 0):
 garbage-first heap   total 328704K, used 192089K [0x0000000080000000, 0x0000000100000000)
  region size 1024K, 1 young (1024K), 1 survivors (1024K)
 Metaspace       used 149348K, capacity 153710K, committed 154736K, reserved 1183744K
  class space    used 18724K, capacity 20272K, committed 20684K, reserved 1048576K
}
Event: 4484.228 GC heap before
{Heap before GC invocations=98 (full 0):
 garbage-first heap   total 328704K, used 239193K [0x0000000080000000, 0x0000000100000000)
  region size 1024K, 48 young (49152K), 1 survivors (1024K)
 Metaspace       used 150981K, capacity 155354K, committed 156400K, reserved 1185792K
  class space    used 18884K, capacity 20415K, committed 20812K, reserved 1048576K
}
Event: 4484.243 GC heap after
{Heap after GC invocations=99 (full 0):
 garbage-first heap   total 328704K, used 192415K [0x0000000080000000, 0x0000000100000000)
  region size 1024K, 1 young (1024K), 1 survivors (1024K)
 Metaspace       used 150981K, capacity 155354K, committed 156400K, reserved 1185792K
  class space    used 18884K, capacity 20415K, committed 20812K, reserved 1048576K
}
Event: 4485.752 GC heap before
{Heap before GC invocations=100 (full 0):
 garbage-first heap   total 328704K, used 281503K [0x0000000080000000, 0x0000000100000000)
  region size 1024K, 53 young (54272K), 1 survivors (1024K)
 Metaspace       used 151935K, capacity 156367K, committed 157296K, reserved 1185792K
  class space    used 18972K, capacity 20537K, committed 20940K, reserved 1048576K
}
Event: 4485.772 GC heap after
{Heap after GC invocations=101 (full 0):
 garbage-first heap   total 328704K, used 222958K [0x0000000080000000, 0x0000000100000000)
  region size 1024K, 7 young (7168K), 7 survivors (7168K)
 Metaspace       used 151935K, capacity 156367K, committed 157296K, reserved 1185792K
  class space    used 18972K, capacity 20537K, committed 20940K, reserved 1048576K
}
Event: 4485.868 GC heap before
{Heap before GC invocations=101 (full 0):
 garbage-first heap   total 328704K, used 232174K [0x0000000080000000, 0x0000000100000000)
  region size 1024K, 16 young (16384K), 7 survivors (7168K)
 Metaspace       used 151951K, capacity 156376K, committed 157296K, reserved 1185792K
  class space    used 18975K, capacity 20540K, committed 20940K, reserved 1048576K
}
Event: 4485.902 GC heap after
{Heap after GC invocations=102 (full 0):
 garbage-first heap   total 328704K, used 219332K [0x0000000080000000, 0x0000000100000000)
  region size 1024K, 2 young (2048K), 2 survivors (2048K)
 Metaspace       used 151951K, capacity 156376K, committed 157296K, reserved 1185792K
  class space    used 18975K, capacity 20540K, committed 20940K, reserved 1048576K
}
Event: 4486.475 GC heap before
{Heap before GC invocations=102 (full 0):
 garbage-first heap   total 328704K, used 234692K [0x0000000080000000, 0x0000000100000000)
  region size 1024K, 18 young (18432K), 2 survivors (2048K)
 Metaspace       used 151952K, capacity 156376K, committed 157296K, reserved 1185792K
  class space    used 18975K, capacity 20540K, committed 20940K, reserved 1048576K
}
Event: 4486.532 GC heap after
{Heap after GC invocations=103 (full 0):
 garbage-first heap   total 421888K, used 226554K [0x0000000080000000, 0x0000000100000000)
  region size 1024K, 6 young (6144K), 6 survivors (6144K)
 Metaspace       used 151952K, capacity 156376K, committed 157296K, reserved 1185792K
  class space    used 18975K, capacity 20540K, committed 20940K, reserved 1048576K
}
Event: 4488.172 GC heap before
{Heap before GC invocations=104 (full 0):
 garbage-first heap   total 421888K, used 292090K [0x0000000080000000, 0x0000000100000000)
  region size 1024K, 68 young (69632K), 6 survivors (6144K)
 Metaspace       used 152591K, capacity 157046K, committed 157808K, reserved 1185792K
  class space    used 19005K, capacity 20586K, committed 20940K, reserved 1048576K
}
Event: 4488.302 GC heap after
{Heap after GC invocations=105 (full 0):
 garbage-first heap   total 421888K, used 257960K [0x0000000080000000, 0x0000000100000000)
  region size 1024K, 9 young (9216K), 9 survivors (9216K)
 Metaspace       used 152591K, capacity 157046K, committed 157808K, reserved 1185792K
  class space    used 19005K, capacity 20586K, committed 20940K, reserved 1048576K
}
Event: 4488.947 GC heap before
{Heap before GC invocations=105 (full 0):
 garbage-first heap   total 421888K, used 310184K [0x0000000080000000, 0x0000000100000000)
  region size 1024K, 60 young (61440K), 9 survivors (9216K)
 Metaspace       used 152820K, capacity 157256K, committed 158064K, reserved 1185792K
  class space    used 19022K, capacity 20627K, committed 20940K, reserved 1048576K
}
Event: 4489.054 GC heap after
{Heap after GC invocations=106 (full 0):
 garbage-first heap   total 421888K, used 279040K [0x0000000080000000, 0x0000000100000000)
  region size 1024K, 8 young (8192K), 8 survivors (8192K)
 Metaspace       used 152820K, capacity 157256K, committed 158064K, reserved 1185792K
  class space    used 19022K, capacity 20627K, committed 20940K, reserved 1048576K
}
Event: 4490.749 GC heap before
{Heap before GC invocations=107 (full 0):
 garbage-first heap   total 421888K, used 311808K [0x0000000080000000, 0x0000000100000000)
  region size 1024K, 52 young (53248K), 8 survivors (8192K)
 Metaspace       used 153376K, capacity 158028K, committed 158320K, reserved 1187840K
  class space    used 19094K, capacity 20744K, committed 20940K, reserved 1048576K
}
Event: 4490.788 GC heap after
{Heap after GC invocations=108 (full 0):
 garbage-first heap   total 421888K, used 274220K [0x0000000080000000, 0x0000000100000000)
  region size 1024K, 6 young (6144K), 6 survivors (6144K)
 Metaspace       used 153376K, capacity 158028K, committed 158320K, reserved 1187840K
  class space    used 19094K, capacity 20744K, committed 20940K, reserved 1048576K
}
Event: 4491.095 GC heap before
{Heap before GC invocations=108 (full 0):
 garbage-first heap   total 421888K, used 289580K [0x0000000080000000, 0x0000000100000000)
  region size 1024K, 20 young (20480K), 6 survivors (6144K)
 Metaspace       used 153394K, capacity 158029K, committed 158320K, reserved 1187840K
  class space    used 19094K, capacity 20744K, committed 20940K, reserved 1048576K
}

